<?xml version="1.0" encoding="UTF-8"?>
<!-- Generated by org.testng.reporters.JUnitReportReporter -->
<testsuite hostname="DESKTOP-EP6UAGA" failures="0" tests="1" name="runner.TestRunner" time="8.877" errors="0" timestamp="2024-10-12T15:31:33 GST" skipped="0">
  <testcase classname="runner.TestRunner" name="runScenario" time="8.877"/>
</testsuite> <!-- runner.TestRunner -->
